<?xml version="1.0" encoding="UTF-8"?>
<testsuite xmlns:xsi="http://www.w3.org/2001/XMLSchema-instance" xsi:noNamespaceSchemaLocation="https://maven.apache.org/surefire/maven-surefire-plugin/xsd/surefire-test-report.xsd" name="TestSuite" time="42.273" tests="36" errors="0" skipped="0" failures="3">
  <properties>
    <property name="java.specification.version" value="14"/>
    <property name="sun.cpu.isalist" value="amd64"/>
    <property name="sun.jnu.encoding" value="Cp1251"/>
    <property name="java.class.path" value="C:\Users\luxa4\Desktop\frond+back\WardRobes-master\target\test-classes;C:\Users\luxa4\Desktop\frond+back\WardRobes-master\target\classes;C:\Users\luxa4\.m2\repository\org\testng\testng\7.1.0\testng-7.1.0.jar;C:\Users\luxa4\.m2\repository\com\beust\jcommander\1.72\jcommander-1.72.jar;C:\Users\luxa4\.m2\repository\com\google\inject\guice\4.1.0\guice-4.1.0-no_aop.jar;C:\Users\luxa4\.m2\repository\javax\inject\javax.inject\1\javax.inject-1.jar;C:\Users\luxa4\.m2\repository\aopalliance\aopalliance\1.0\aopalliance-1.0.jar;C:\Users\luxa4\.m2\repository\com\google\guava\guava\19.0\guava-19.0.jar;C:\Users\luxa4\.m2\repository\org\yaml\snakeyaml\1.21\snakeyaml-1.21.jar;C:\Users\luxa4\.m2\repository\org\assertj\assertj-core\3.16.1\assertj-core-3.16.1.jar;C:\Users\luxa4\.m2\repository\org\mockito\mockito-core\3.3.3\mockito-core-3.3.3.jar;C:\Users\luxa4\.m2\repository\net\bytebuddy\byte-buddy\1.10.5\byte-buddy-1.10.5.jar;C:\Users\luxa4\.m2\repository\net\bytebuddy\byte-buddy-agent\1.10.5\byte-buddy-agent-1.10.5.jar;C:\Users\luxa4\.m2\repository\org\objenesis\objenesis\2.6\objenesis-2.6.jar;C:\Users\luxa4\.m2\repository\org\springframework\spring-test\5.2.7.RELEASE\spring-test-5.2.7.RELEASE.jar;C:\Users\luxa4\.m2\repository\org\springframework\spring-core\5.2.7.RELEASE\spring-core-5.2.7.RELEASE.jar;C:\Users\luxa4\.m2\repository\org\springframework\spring-jcl\5.2.7.RELEASE\spring-jcl-5.2.7.RELEASE.jar;C:\Users\luxa4\.m2\repository\org\springframework\spring-context\5.2.7.RELEASE\spring-context-5.2.7.RELEASE.jar;C:\Users\luxa4\.m2\repository\org\springframework\spring-aop\5.2.7.RELEASE\spring-aop-5.2.7.RELEASE.jar;C:\Users\luxa4\.m2\repository\org\springframework\spring-expression\5.2.7.RELEASE\spring-expression-5.2.7.RELEASE.jar;C:\Users\luxa4\.m2\repository\org\springframework\spring-beans\5.2.7.RELEASE\spring-beans-5.2.7.RELEASE.jar;C:\Users\luxa4\.m2\repository\org\springframework\spring-webmvc\5.2.7.RELEASE\spring-webmvc-5.2.7.RELEASE.jar;C:\Users\luxa4\.m2\repository\org\springframework\spring-web\5.2.7.RELEASE\spring-web-5.2.7.RELEASE.jar;C:\Users\luxa4\.m2\repository\org\springframework\spring-orm\5.2.7.RELEASE\spring-orm-5.2.7.RELEASE.jar;C:\Users\luxa4\.m2\repository\org\springframework\spring-jdbc\5.2.7.RELEASE\spring-jdbc-5.2.7.RELEASE.jar;C:\Users\luxa4\.m2\repository\org\springframework\spring-tx\5.2.7.RELEASE\spring-tx-5.2.7.RELEASE.jar;C:\Users\luxa4\.m2\repository\org\hibernate\hibernate-core\5.4.17.Final\hibernate-core-5.4.17.Final.jar;C:\Users\luxa4\.m2\repository\org\jboss\logging\jboss-logging\3.3.2.Final\jboss-logging-3.3.2.Final.jar;C:\Users\luxa4\.m2\repository\javax\persistence\javax.persistence-api\2.2\javax.persistence-api-2.2.jar;C:\Users\luxa4\.m2\repository\org\javassist\javassist\3.24.0-GA\javassist-3.24.0-GA.jar;C:\Users\luxa4\.m2\repository\antlr\antlr\2.7.7\antlr-2.7.7.jar;C:\Users\luxa4\.m2\repository\org\jboss\spec\javax\transaction\jboss-transaction-api_1.2_spec\1.1.1.Final\jboss-transaction-api_1.2_spec-1.1.1.Final.jar;C:\Users\luxa4\.m2\repository\org\jboss\jandex\2.1.3.Final\jandex-2.1.3.Final.jar;C:\Users\luxa4\.m2\repository\com\fasterxml\classmate\1.5.1\classmate-1.5.1.jar;C:\Users\luxa4\.m2\repository\javax\activation\javax.activation-api\1.2.0\javax.activation-api-1.2.0.jar;C:\Users\luxa4\.m2\repository\org\dom4j\dom4j\2.1.3\dom4j-2.1.3.jar;C:\Users\luxa4\.m2\repository\org\hibernate\common\hibernate-commons-annotations\5.1.0.Final\hibernate-commons-annotations-5.1.0.Final.jar;C:\Users\luxa4\.m2\repository\javax\xml\bind\jaxb-api\2.3.1\jaxb-api-2.3.1.jar;C:\Users\luxa4\.m2\repository\org\glassfish\jaxb\jaxb-runtime\2.3.1\jaxb-runtime-2.3.1.jar;C:\Users\luxa4\.m2\repository\org\glassfish\jaxb\txw2\2.3.1\txw2-2.3.1.jar;C:\Users\luxa4\.m2\repository\com\sun\istack\istack-commons-runtime\3.0.7\istack-commons-runtime-3.0.7.jar;C:\Users\luxa4\.m2\repository\org\jvnet\staxex\stax-ex\1.8\stax-ex-1.8.jar;C:\Users\luxa4\.m2\repository\com\sun\xml\fastinfoset\FastInfoset\1.2.15\FastInfoset-1.2.15.jar;C:\Users\luxa4\.m2\repository\org\springframework\data\spring-data-jpa\2.3.1.RELEASE\spring-data-jpa-2.3.1.RELEASE.jar;C:\Users\luxa4\.m2\repository\org\springframework\data\spring-data-commons\2.3.1.RELEASE\spring-data-commons-2.3.1.RELEASE.jar;C:\Users\luxa4\.m2\repository\org\aspectj\aspectjrt\1.9.5\aspectjrt-1.9.5.jar;C:\Users\luxa4\.m2\repository\com\h2database\h2\1.4.200\h2-1.4.200.jar;C:\Users\luxa4\.m2\repository\javax\servlet\jstl\1.2\jstl-1.2.jar;C:\Users\luxa4\.m2\repository\org\springframework\webflow\spring-webflow\2.5.1.RELEASE\spring-webflow-2.5.1.RELEASE.jar;C:\Users\luxa4\.m2\repository\org\springframework\webflow\spring-binding\2.5.1.RELEASE\spring-binding-2.5.1.RELEASE.jar;C:\Users\luxa4\.m2\repository\org\springframework\security\spring-security-web\5.3.3.RELEASE\spring-security-web-5.3.3.RELEASE.jar;C:\Users\luxa4\.m2\repository\org\springframework\security\spring-security-core\5.3.3.RELEASE\spring-security-core-5.3.3.RELEASE.jar;C:\Users\luxa4\.m2\repository\org\springframework\security\spring-security-config\5.3.3.RELEASE\spring-security-config-5.3.3.RELEASE.jar;C:\Users\luxa4\.m2\repository\org\springframework\security\spring-security-taglibs\5.3.3.RELEASE\spring-security-taglibs-5.3.3.RELEASE.jar;C:\Users\luxa4\.m2\repository\org\springframework\security\spring-security-acl\5.3.3.RELEASE\spring-security-acl-5.3.3.RELEASE.jar;C:\Users\luxa4\.m2\repository\com\mchange\c3p0\0.9.5.5\c3p0-0.9.5.5.jar;C:\Users\luxa4\.m2\repository\com\mchange\mchange-commons-java\0.2.19\mchange-commons-java-0.2.19.jar;C:\Users\luxa4\.m2\repository\ch\qos\logback\logback-classic\1.2.3\logback-classic-1.2.3.jar;C:\Users\luxa4\.m2\repository\ch\qos\logback\logback-core\1.2.3\logback-core-1.2.3.jar;C:\Users\luxa4\.m2\repository\org\slf4j\slf4j-api\1.7.30\slf4j-api-1.7.30.jar;C:\Users\luxa4\.m2\repository\javax\servlet\javax.servlet-api\4.0.1\javax.servlet-api-4.0.1.jar;C:\Users\luxa4\.m2\repository\com\jayway\jsonpath\json-path\2.2.0\json-path-2.2.0.jar;C:\Users\luxa4\.m2\repository\net\minidev\json-smart\2.2.1\json-smart-2.2.1.jar;C:\Users\luxa4\.m2\repository\net\minidev\accessors-smart\1.1\accessors-smart-1.1.jar;C:\Users\luxa4\.m2\repository\org\ow2\asm\asm\5.0.3\asm-5.0.3.jar;C:\Users\luxa4\.m2\repository\com\fasterxml\jackson\core\jackson-databind\2.11.1\jackson-databind-2.11.1.jar;C:\Users\luxa4\.m2\repository\com\fasterxml\jackson\core\jackson-annotations\2.11.1\jackson-annotations-2.11.1.jar;C:\Users\luxa4\.m2\repository\com\fasterxml\jackson\core\jackson-core\2.11.1\jackson-core-2.11.1.jar;C:\Users\luxa4\.m2\repository\org\hamcrest\hamcrest\2.2\hamcrest-2.2.jar;C:\Users\luxa4\.m2\repository\org\hibernate\validator\hibernate-validator\6.0.7.Final\hibernate-validator-6.0.7.Final.jar;C:\Users\luxa4\.m2\repository\javax\validation\validation-api\2.0.1.Final\validation-api-2.0.1.Final.jar;C:\Users\luxa4\.m2\repository\org\thymeleaf\thymeleaf-spring5\3.0.11.RELEASE\thymeleaf-spring5-3.0.11.RELEASE.jar;C:\Users\luxa4\.m2\repository\org\thymeleaf\thymeleaf\3.0.11.RELEASE\thymeleaf-3.0.11.RELEASE.jar;C:\Users\luxa4\.m2\repository\org\attoparser\attoparser\2.0.5.RELEASE\attoparser-2.0.5.RELEASE.jar;C:\Users\luxa4\.m2\repository\org\unbescape\unbescape\1.1.6.RELEASE\unbescape-1.1.6.RELEASE.jar;"/>
    <property name="java.vm.vendor" value="Oracle Corporation"/>
    <property name="sun.arch.data.model" value="64"/>
    <property name="user.variant" value=""/>
    <property name="java.vendor.url" value="https://java.oracle.com/"/>
    <property name="user.timezone" value="Europe/Moscow"/>
    <property name="os.name" value="Windows 10"/>
    <property name="java.vm.specification.version" value="14"/>
    <property name="sun.java.launcher" value="SUN_STANDARD"/>
    <property name="user.country" value="RU"/>
    <property name="sun.boot.library.path" value="C:\Program Files\Java\jdk-14.0.2\bin"/>
    <property name="sun.java.command" value="C:\Users\luxa4\AppData\Local\Temp\surefire7365419427801391720\surefirebooter16775262394907928132.jar C:\Users\luxa4\AppData\Local\Temp\surefire7365419427801391720 2020-12-03T12-33-22_963-jvmRun1 surefire5226232102122835587tmp surefire_03208304580769764300tmp"/>
    <property name="jdk.debug" value="release"/>
    <property name="surefire.test.class.path" value="C:\Users\luxa4\Desktop\frond+back\WardRobes-master\target\test-classes;C:\Users\luxa4\Desktop\frond+back\WardRobes-master\target\classes;C:\Users\luxa4\.m2\repository\org\testng\testng\7.1.0\testng-7.1.0.jar;C:\Users\luxa4\.m2\repository\com\beust\jcommander\1.72\jcommander-1.72.jar;C:\Users\luxa4\.m2\repository\com\google\inject\guice\4.1.0\guice-4.1.0-no_aop.jar;C:\Users\luxa4\.m2\repository\javax\inject\javax.inject\1\javax.inject-1.jar;C:\Users\luxa4\.m2\repository\aopalliance\aopalliance\1.0\aopalliance-1.0.jar;C:\Users\luxa4\.m2\repository\com\google\guava\guava\19.0\guava-19.0.jar;C:\Users\luxa4\.m2\repository\org\yaml\snakeyaml\1.21\snakeyaml-1.21.jar;C:\Users\luxa4\.m2\repository\org\assertj\assertj-core\3.16.1\assertj-core-3.16.1.jar;C:\Users\luxa4\.m2\repository\org\mockito\mockito-core\3.3.3\mockito-core-3.3.3.jar;C:\Users\luxa4\.m2\repository\net\bytebuddy\byte-buddy\1.10.5\byte-buddy-1.10.5.jar;C:\Users\luxa4\.m2\repository\net\bytebuddy\byte-buddy-agent\1.10.5\byte-buddy-agent-1.10.5.jar;C:\Users\luxa4\.m2\repository\org\objenesis\objenesis\2.6\objenesis-2.6.jar;C:\Users\luxa4\.m2\repository\org\springframework\spring-test\5.2.7.RELEASE\spring-test-5.2.7.RELEASE.jar;C:\Users\luxa4\.m2\repository\org\springframework\spring-core\5.2.7.RELEASE\spring-core-5.2.7.RELEASE.jar;C:\Users\luxa4\.m2\repository\org\springframework\spring-jcl\5.2.7.RELEASE\spring-jcl-5.2.7.RELEASE.jar;C:\Users\luxa4\.m2\repository\org\springframework\spring-context\5.2.7.RELEASE\spring-context-5.2.7.RELEASE.jar;C:\Users\luxa4\.m2\repository\org\springframework\spring-aop\5.2.7.RELEASE\spring-aop-5.2.7.RELEASE.jar;C:\Users\luxa4\.m2\repository\org\springframework\spring-expression\5.2.7.RELEASE\spring-expression-5.2.7.RELEASE.jar;C:\Users\luxa4\.m2\repository\org\springframework\spring-beans\5.2.7.RELEASE\spring-beans-5.2.7.RELEASE.jar;C:\Users\luxa4\.m2\repository\org\springframework\spring-webmvc\5.2.7.RELEASE\spring-webmvc-5.2.7.RELEASE.jar;C:\Users\luxa4\.m2\repository\org\springframework\spring-web\5.2.7.RELEASE\spring-web-5.2.7.RELEASE.jar;C:\Users\luxa4\.m2\repository\org\springframework\spring-orm\5.2.7.RELEASE\spring-orm-5.2.7.RELEASE.jar;C:\Users\luxa4\.m2\repository\org\springframework\spring-jdbc\5.2.7.RELEASE\spring-jdbc-5.2.7.RELEASE.jar;C:\Users\luxa4\.m2\repository\org\springframework\spring-tx\5.2.7.RELEASE\spring-tx-5.2.7.RELEASE.jar;C:\Users\luxa4\.m2\repository\org\hibernate\hibernate-core\5.4.17.Final\hibernate-core-5.4.17.Final.jar;C:\Users\luxa4\.m2\repository\org\jboss\logging\jboss-logging\3.3.2.Final\jboss-logging-3.3.2.Final.jar;C:\Users\luxa4\.m2\repository\javax\persistence\javax.persistence-api\2.2\javax.persistence-api-2.2.jar;C:\Users\luxa4\.m2\repository\org\javassist\javassist\3.24.0-GA\javassist-3.24.0-GA.jar;C:\Users\luxa4\.m2\repository\antlr\antlr\2.7.7\antlr-2.7.7.jar;C:\Users\luxa4\.m2\repository\org\jboss\spec\javax\transaction\jboss-transaction-api_1.2_spec\1.1.1.Final\jboss-transaction-api_1.2_spec-1.1.1.Final.jar;C:\Users\luxa4\.m2\repository\org\jboss\jandex\2.1.3.Final\jandex-2.1.3.Final.jar;C:\Users\luxa4\.m2\repository\com\fasterxml\classmate\1.5.1\classmate-1.5.1.jar;C:\Users\luxa4\.m2\repository\javax\activation\javax.activation-api\1.2.0\javax.activation-api-1.2.0.jar;C:\Users\luxa4\.m2\repository\org\dom4j\dom4j\2.1.3\dom4j-2.1.3.jar;C:\Users\luxa4\.m2\repository\org\hibernate\common\hibernate-commons-annotations\5.1.0.Final\hibernate-commons-annotations-5.1.0.Final.jar;C:\Users\luxa4\.m2\repository\javax\xml\bind\jaxb-api\2.3.1\jaxb-api-2.3.1.jar;C:\Users\luxa4\.m2\repository\org\glassfish\jaxb\jaxb-runtime\2.3.1\jaxb-runtime-2.3.1.jar;C:\Users\luxa4\.m2\repository\org\glassfish\jaxb\txw2\2.3.1\txw2-2.3.1.jar;C:\Users\luxa4\.m2\repository\com\sun\istack\istack-commons-runtime\3.0.7\istack-commons-runtime-3.0.7.jar;C:\Users\luxa4\.m2\repository\org\jvnet\staxex\stax-ex\1.8\stax-ex-1.8.jar;C:\Users\luxa4\.m2\repository\com\sun\xml\fastinfoset\FastInfoset\1.2.15\FastInfoset-1.2.15.jar;C:\Users\luxa4\.m2\repository\org\springframework\data\spring-data-jpa\2.3.1.RELEASE\spring-data-jpa-2.3.1.RELEASE.jar;C:\Users\luxa4\.m2\repository\org\springframework\data\spring-data-commons\2.3.1.RELEASE\spring-data-commons-2.3.1.RELEASE.jar;C:\Users\luxa4\.m2\repository\org\aspectj\aspectjrt\1.9.5\aspectjrt-1.9.5.jar;C:\Users\luxa4\.m2\repository\com\h2database\h2\1.4.200\h2-1.4.200.jar;C:\Users\luxa4\.m2\repository\javax\servlet\jstl\1.2\jstl-1.2.jar;C:\Users\luxa4\.m2\repository\org\springframework\webflow\spring-webflow\2.5.1.RELEASE\spring-webflow-2.5.1.RELEASE.jar;C:\Users\luxa4\.m2\repository\org\springframework\webflow\spring-binding\2.5.1.RELEASE\spring-binding-2.5.1.RELEASE.jar;C:\Users\luxa4\.m2\repository\org\springframework\security\spring-security-web\5.3.3.RELEASE\spring-security-web-5.3.3.RELEASE.jar;C:\Users\luxa4\.m2\repository\org\springframework\security\spring-security-core\5.3.3.RELEASE\spring-security-core-5.3.3.RELEASE.jar;C:\Users\luxa4\.m2\repository\org\springframework\security\spring-security-config\5.3.3.RELEASE\spring-security-config-5.3.3.RELEASE.jar;C:\Users\luxa4\.m2\repository\org\springframework\security\spring-security-taglibs\5.3.3.RELEASE\spring-security-taglibs-5.3.3.RELEASE.jar;C:\Users\luxa4\.m2\repository\org\springframework\security\spring-security-acl\5.3.3.RELEASE\spring-security-acl-5.3.3.RELEASE.jar;C:\Users\luxa4\.m2\repository\com\mchange\c3p0\0.9.5.5\c3p0-0.9.5.5.jar;C:\Users\luxa4\.m2\repository\com\mchange\mchange-commons-java\0.2.19\mchange-commons-java-0.2.19.jar;C:\Users\luxa4\.m2\repository\ch\qos\logback\logback-classic\1.2.3\logback-classic-1.2.3.jar;C:\Users\luxa4\.m2\repository\ch\qos\logback\logback-core\1.2.3\logback-core-1.2.3.jar;C:\Users\luxa4\.m2\repository\org\slf4j\slf4j-api\1.7.30\slf4j-api-1.7.30.jar;C:\Users\luxa4\.m2\repository\javax\servlet\javax.servlet-api\4.0.1\javax.servlet-api-4.0.1.jar;C:\Users\luxa4\.m2\repository\com\jayway\jsonpath\json-path\2.2.0\json-path-2.2.0.jar;C:\Users\luxa4\.m2\repository\net\minidev\json-smart\2.2.1\json-smart-2.2.1.jar;C:\Users\luxa4\.m2\repository\net\minidev\accessors-smart\1.1\accessors-smart-1.1.jar;C:\Users\luxa4\.m2\repository\org\ow2\asm\asm\5.0.3\asm-5.0.3.jar;C:\Users\luxa4\.m2\repository\com\fasterxml\jackson\core\jackson-databind\2.11.1\jackson-databind-2.11.1.jar;C:\Users\luxa4\.m2\repository\com\fasterxml\jackson\core\jackson-annotations\2.11.1\jackson-annotations-2.11.1.jar;C:\Users\luxa4\.m2\repository\com\fasterxml\jackson\core\jackson-core\2.11.1\jackson-core-2.11.1.jar;C:\Users\luxa4\.m2\repository\org\hamcrest\hamcrest\2.2\hamcrest-2.2.jar;C:\Users\luxa4\.m2\repository\org\hibernate\validator\hibernate-validator\6.0.7.Final\hibernate-validator-6.0.7.Final.jar;C:\Users\luxa4\.m2\repository\javax\validation\validation-api\2.0.1.Final\validation-api-2.0.1.Final.jar;C:\Users\luxa4\.m2\repository\org\thymeleaf\thymeleaf-spring5\3.0.11.RELEASE\thymeleaf-spring5-3.0.11.RELEASE.jar;C:\Users\luxa4\.m2\repository\org\thymeleaf\thymeleaf\3.0.11.RELEASE\thymeleaf-3.0.11.RELEASE.jar;C:\Users\luxa4\.m2\repository\org\attoparser\attoparser\2.0.5.RELEASE\attoparser-2.0.5.RELEASE.jar;C:\Users\luxa4\.m2\repository\org\unbescape\unbescape\1.1.6.RELEASE\unbescape-1.1.6.RELEASE.jar;"/>
    <property name="sun.cpu.endian" value="little"/>
    <property name="user.home" value="C:\Users\luxa4"/>
    <property name="user.language" value="ru"/>
    <property name="java.specification.vendor" value="Oracle Corporation"/>
    <property name="java.version.date" value="2020-07-14"/>
    <property name="java.home" value="C:\Program Files\Java\jdk-14.0.2"/>
    <property name="file.separator" value="\"/>
    <property name="basedir" value="C:\Users\luxa4\Desktop\frond+back\WardRobes-master"/>
    <property name="java.vm.compressedOopsMode" value="Zero based"/>
    <property name="line.separator" value="&#10;"/>
    <property name="java.vm.specification.vendor" value="Oracle Corporation"/>
    <property name="java.specification.name" value="Java Platform API Specification"/>
    <property name="surefire.real.class.path" value="C:\Users\luxa4\AppData\Local\Temp\surefire7365419427801391720\surefirebooter16775262394907928132.jar"/>
    <property name="user.script" value=""/>
    <property name="sun.management.compiler" value="HotSpot 64-Bit Tiered Compilers"/>
    <property name="java.runtime.version" value="14.0.2+12-46"/>
    <property name="user.name" value="luxa4"/>
    <property name="path.separator" value=";"/>
    <property name="os.version" value="10.0"/>
    <property name="java.runtime.name" value="Java(TM) SE Runtime Environment"/>
    <property name="file.encoding" value="Cp1251"/>
    <property name="java.vm.name" value="Java HotSpot(TM) 64-Bit Server VM"/>
    <property name="localRepository" value="C:\Users\luxa4\.m2\repository"/>
    <property name="java.vendor.url.bug" value="https://bugreport.java.com/bugreport/"/>
    <property name="java.io.tmpdir" value="C:\Users\luxa4\AppData\Local\Temp\"/>
    <property name="java.version" value="14.0.2"/>
    <property name="user.dir" value="C:\Users\luxa4\Desktop\frond+back\WardRobes-master"/>
    <property name="os.arch" value="amd64"/>
    <property name="java.vm.specification.name" value="Java Virtual Machine Specification"/>
    <property name="sun.os.patch.level" value=""/>
    <property name="java.library.path" value="C:\Program Files\Java\jdk-14.0.2\bin;C:\WINDOWS\Sun\Java\bin;C:\WINDOWS\system32;C:\WINDOWS;C:\WINDOWS\system32;C:\WINDOWS;C:\WINDOWS\System32\Wbem;C:\WINDOWS\System32\WindowsPowerShell\v1.0\;C:\WINDOWS\System32\OpenSSH\;C:\Program Files (x86)\ATI Technologies\ATI.ACE\Core-Static;C:\maven\bin;C:\Program Files\Java\jdk-14.0.2\bin;C:\Program Files\Git\cmd;C:\Program Files\dotnet\;C:\Program Files\nodejs\;C:\Users\luxa4\AppData\Local\Microsoft\WindowsApps;C:\Users\luxa4\AppData\Local\GitHubDesktop\bin;C:\Users\luxa4\.dotnet\tools;C:\Users\luxa4\AppData\Roaming\npm;."/>
    <property name="java.vm.info" value="mixed mode, sharing"/>
    <property name="java.vendor" value="Oracle Corporation"/>
    <property name="java.vm.version" value="14.0.2+12-46"/>
    <property name="sun.io.unicode.encoding" value="UnicodeLittle"/>
    <property name="java.class.version" value="58.0"/>
  </properties>
  <testcase name="shouldCreatControllerAddToShoppingCart" classname="ru.belyaev.controller.ajax.AddToShoppingCartControllerTest" time="0.001"/>
  <testcase name="shouldReturnJsonObject" classname="ru.belyaev.controller.ajax.AddToShoppingCartControllerTest" time="0.32">
    <failure message="&#10;Parameter &apos;productId&apos; is required by @Test on method shouldReturnJsonObject but has not been marked @Optional or defined&#10;" type="org.testng.TestNGException">org.testng.TestNGException: 

Parameter 'productId' is required by @Test on method shouldReturnJsonObject but has not been marked @Optional or defined

</failure>
    <system-err><![CDATA[[Utils] [ERROR] [Error] org.testng.TestNGException: 
Parameter &apos;productId&apos; is required by @Test on method shouldReturnJsonObject but has not been marked @Optional or defined

	at org.testng.internal.Parameters.createParams(Parameters.java:272)
	at org.testng.internal.Parameters.createParametersForMethod(Parameters.java:360)
	at org.testng.internal.Parameters.createParameters(Parameters.java:704)
	at org.testng.internal.Parameters.handleParameters(Parameters.java:879)
	at org.testng.internal.Parameters.handleParameters(Parameters.java:744)
	at org.testng.internal.ParameterHandler.handleParameters(ParameterHandler.java:59)
	at org.testng.internal.ParameterHandler.createParameters(ParameterHandler.java:38)
	at org.testng.internal.TestInvoker$MethodInvocationAgent.invoke(TestInvoker.java:783)
	at org.testng.internal.TestInvoker.invokeTestMethods(TestInvoker.java:146)
	at org.testng.internal.TestMethodWorker.invokeTestMethods(TestMethodWorker.java:146)
	at org.testng.internal.TestMethodWorker.run(TestMethodWorker.java:128)
	at java.base/java.util.ArrayList.forEach(ArrayList.java:1511)
	at org.testng.TestRunner.privateRun(TestRunner.java:766)
	at org.testng.TestRunner.run(TestRunner.java:587)
	at org.testng.SuiteRunner.runTest(SuiteRunner.java:384)
	at org.testng.SuiteRunner.runSequentially(SuiteRunner.java:378)
	at org.testng.SuiteRunner.privateRun(SuiteRunner.java:337)
	at org.testng.SuiteRunner.run(SuiteRunner.java:286)
	at org.testng.SuiteRunnerWorker.runSuite(SuiteRunnerWorker.java:53)
	at org.testng.SuiteRunnerWorker.run(SuiteRunnerWorker.java:96)
	at org.testng.TestNG.runSuitesSequentially(TestNG.java:1187)
	at org.testng.TestNG.runSuitesLocally(TestNG.java:1109)
	at org.testng.TestNG.runSuites(TestNG.java:1039)
	at org.testng.TestNG.run(TestNG.java:1007)
	at org.apache.maven.surefire.testng.TestNGExecutor.run(TestNGExecutor.java:135)
	at org.apache.maven.surefire.testng.TestNGDirectoryTestSuite.executeMulti(TestNGDirectoryTestSuite.java:193)
	at org.apache.maven.surefire.testng.TestNGDirectoryTestSuite.execute(TestNGDirectoryTestSuite.java:94)
	at org.apache.maven.surefire.testng.TestNGProvider.invoke(TestNGProvider.java:146)
	at org.apache.maven.surefire.booter.ForkedBooter.invokeProviderInSameClassLoader(ForkedBooter.java:384)
	at org.apache.maven.surefire.booter.ForkedBooter.runSuitesInProcess(ForkedBooter.java:345)
	at org.apache.maven.surefire.booter.ForkedBooter.execute(ForkedBooter.java:126)
	at org.apache.maven.surefire.booter.ForkedBooter.main(ForkedBooter.java:418)

]]></system-err>
  </testcase>
  <testcase name="controllerIsCreated" classname="ru.belyaev.controller.ajax.RemoveFromShoppingCartControllerTest" time="0"/>
  <testcase name="shouldReturnJsonObject" classname="ru.belyaev.controller.ajax.RemoveFromShoppingCartControllerTest" time="0.202">
    <failure message="&#10;Parameter &apos;productId&apos; is required by @Test on method shouldReturnJsonObject but has not been marked @Optional or defined&#10;" type="org.testng.TestNGException">org.testng.TestNGException: 

Parameter 'productId' is required by @Test on method shouldReturnJsonObject but has not been marked @Optional or defined

</failure>
    <system-err><![CDATA[[Utils] [ERROR] [Error] org.testng.TestNGException: 
Parameter &apos;productId&apos; is required by @Test on method shouldReturnJsonObject but has not been marked @Optional or defined

	at org.testng.internal.Parameters.createParams(Parameters.java:272)
	at org.testng.internal.Parameters.createParametersForMethod(Parameters.java:360)
	at org.testng.internal.Parameters.createParameters(Parameters.java:704)
	at org.testng.internal.Parameters.handleParameters(Parameters.java:879)
	at org.testng.internal.Parameters.handleParameters(Parameters.java:744)
	at org.testng.internal.ParameterHandler.handleParameters(ParameterHandler.java:59)
	at org.testng.internal.ParameterHandler.createParameters(ParameterHandler.java:38)
	at org.testng.internal.TestInvoker$MethodInvocationAgent.invoke(TestInvoker.java:783)
	at org.testng.internal.TestInvoker.invokeTestMethods(TestInvoker.java:146)
	at org.testng.internal.TestMethodWorker.invokeTestMethods(TestMethodWorker.java:146)
	at org.testng.internal.TestMethodWorker.run(TestMethodWorker.java:128)
	at java.base/java.util.ArrayList.forEach(ArrayList.java:1511)
	at org.testng.TestRunner.privateRun(TestRunner.java:766)
	at org.testng.TestRunner.run(TestRunner.java:587)
	at org.testng.SuiteRunner.runTest(SuiteRunner.java:384)
	at org.testng.SuiteRunner.runSequentially(SuiteRunner.java:378)
	at org.testng.SuiteRunner.privateRun(SuiteRunner.java:337)
	at org.testng.SuiteRunner.run(SuiteRunner.java:286)
	at org.testng.SuiteRunnerWorker.runSuite(SuiteRunnerWorker.java:53)
	at org.testng.SuiteRunnerWorker.run(SuiteRunnerWorker.java:96)
	at org.testng.TestNG.runSuitesSequentially(TestNG.java:1187)
	at org.testng.TestNG.runSuitesLocally(TestNG.java:1109)
	at org.testng.TestNG.runSuites(TestNG.java:1039)
	at org.testng.TestNG.run(TestNG.java:1007)
	at org.apache.maven.surefire.testng.TestNGExecutor.run(TestNGExecutor.java:135)
	at org.apache.maven.surefire.testng.TestNGDirectoryTestSuite.executeMulti(TestNGDirectoryTestSuite.java:193)
	at org.apache.maven.surefire.testng.TestNGDirectoryTestSuite.execute(TestNGDirectoryTestSuite.java:94)
	at org.apache.maven.surefire.testng.TestNGProvider.invoke(TestNGProvider.java:146)
	at org.apache.maven.surefire.booter.ForkedBooter.invokeProviderInSameClassLoader(ForkedBooter.java:384)
	at org.apache.maven.surefire.booter.ForkedBooter.runSuitesInProcess(ForkedBooter.java:345)
	at org.apache.maven.surefire.booter.ForkedBooter.execute(ForkedBooter.java:126)
	at org.apache.maven.surefire.booter.ForkedBooter.main(ForkedBooter.java:418)

]]></system-err>
  </testcase>
  <testcase name="controllerIsCreated" classname="ru.belyaev.controller.ajax.SearchControllerTest" time="0"/>
  <testcase name="shouldReturnJsonObject" classname="ru.belyaev.controller.ajax.SearchControllerTest" time="0.22"/>
  <testcase name="controllerIsCreated" classname="ru.belyaev.controller.AuthenticationControllerTest" time="0"/>
  <testcase name="shouldAddUserToDB" classname="ru.belyaev.controller.AuthenticationControllerTest" time="0.108"/>
  <testcase name="shouldReturnLoginView" classname="ru.belyaev.controller.AuthenticationControllerTest" time="0.116"/>
  <testcase name="shouldReturnRegistrationView" classname="ru.belyaev.controller.AuthenticationControllerTest" time="0.191"/>
  <testcase name="controllerIsCreated" classname="ru.belyaev.controller.ProductControllerTest" time="0"/>
  <testcase name="shouldCallView" classname="ru.belyaev.controller.ProductControllerTest" time="0.084">
    <failure message="View name expected:&lt;home&gt; but was:&lt;errorPage&gt;" type="java.lang.AssertionError"><![CDATA[java.lang.AssertionError: View name expected:<home> but was:<errorPage>
	at ru.belyaev.controller.ProductControllerTest.shouldCallView(ProductControllerTest.java:87)
]]></failure>
    <system-out><![CDATA[12:34:05.230 [main] INFO  o.s.mock.web.MockServletContext - Initializing Spring TestDispatcherServlet ''
12:34:05.231 [main] INFO  o.s.t.w.s.TestDispatcherServlet - Initializing Servlet ''
12:34:05.231 [main] INFO  o.s.t.w.s.TestDispatcherServlet - Completed initialization in 0 ms
200

MockHttpServletRequest:
      HTTP Method = GET
      Request URI = /
       Parameters = {}
          Headers = []
             Body = <no character encoding set>
    Session Attrs = {}

Handler:
             Type = ru.belyaev.controller.ProductController
           Method = ru.belyaev.controller.ProductController#showAllProduct(Model, HttpSession)

Async:
    Async started = false
     Async result = null

Resolved Exception:
             Type = java.lang.NullPointerException

ModelAndView:
        View name = errorPage
             View = null
        Attribute = status
            value = 404

FlashMap:
       Attributes = null

MockHttpServletResponse:
           Status = 200
    Error message = null
          Headers = [Content-Language:"en"]
     Content type = null
             Body = 
    Forwarded URL = errorPage
   Redirected URL = null
          Cookies = []
]]></system-out>
  </testcase>
  <testcase name="checkViewName" classname="ru.belyaev.controller.SearchTextControllerTest" time="0.092"/>
  <testcase name="controllerIsCreated" classname="ru.belyaev.controller.SearchTextControllerTest" time="0"/>
  <testcase name="controllerIsCreated" classname="ru.belyaev.controller.ShoppingCartControllerTest" time="0.001"/>
  <testcase name="shouldReturnViewShoppingCart" classname="ru.belyaev.controller.ShoppingCartControllerTest" time="0.066"/>
  <testcase name="shouldThrowExceptionWhenShoppingCartIsNull" classname="ru.belyaev.service.impl.OrderServiceImplTest" time="0"/>
  <testcase name="testMakeOrder" classname="ru.belyaev.service.impl.OrderServiceImplTest" time="0"/>
  <testcase name="testCountAllProduct" classname="ru.belyaev.service.impl.ProductServiceImplTest" time="0"/>
  <testcase name="testCountProductBySearchFilter" classname="ru.belyaev.service.impl.ProductServiceImplTest" time="0"/>
  <testcase name="testCountProductForSearchTextForm" classname="ru.belyaev.service.impl.ProductServiceImplTest" time="0"/>
  <testcase name="testFindProductForSearchTextForm" classname="ru.belyaev.service.impl.ProductServiceImplTest" time="0"/>
  <testcase name="testListAllProducts" classname="ru.belyaev.service.impl.ProductServiceImplTest" time="0"/>
  <testcase name="testProductBySearchFilter" classname="ru.belyaev.service.impl.ProductServiceImplTest" time="0"/>
  <testcase name="testShowMaxHeight" classname="ru.belyaev.service.impl.ProductServiceImplTest" time="0"/>
  <testcase name="testShowMaxLength" classname="ru.belyaev.service.impl.ProductServiceImplTest" time="0"/>
  <testcase name="testShowMaxPrice" classname="ru.belyaev.service.impl.ProductServiceImplTest" time="0"/>
  <testcase name="testShowMaxWidth" classname="ru.belyaev.service.impl.ProductServiceImplTest" time="0"/>
  <testcase name="testShowMinHeight" classname="ru.belyaev.service.impl.ProductServiceImplTest" time="0"/>
  <testcase name="testShowMinLength" classname="ru.belyaev.service.impl.ProductServiceImplTest" time="0"/>
  <testcase name="testShowMinPrice" classname="ru.belyaev.service.impl.ProductServiceImplTest" time="0"/>
  <testcase name="testShowMinWidth" classname="ru.belyaev.service.impl.ProductServiceImplTest" time="0"/>
  <testcase name="testShowProductPageByProductId" classname="ru.belyaev.service.impl.ProductServiceImplTest" time="0"/>
  <testcase name="testAddToShoppingCart" classname="ru.belyaev.service.impl.ShoppingCartServiceImplTest" time="0.03"/>
  <testcase name="testRemoveFromShoppingCart" classname="ru.belyaev.service.impl.ShoppingCartServiceImplTest" time="0.079"/>
  <testcase name="testAddUser" classname="ru.belyaev.service.impl.UserServiceImplTest" time="0.058"/>
</testsuite>