<?xml version="1.0" encoding="UTF-8"?>
<!-- Generated by org.testng.reporters.JUnitReportReporter -->
<testsuite hostname="DESKTOP-2O5GPOK" failures="0" tests="15" name="ru.belyaev.service.impl.ProductServiceImplTest" time="0.054" errors="0" timestamp="2020-12-03T12:34:06 MSK" skipped="0">
  <testcase classname="ru.belyaev.service.impl.ProductServiceImplTest" name="testShowMinWidth" time="0.000"/>
  <system-out/>
  <testcase classname="ru.belyaev.service.impl.ProductServiceImplTest" name="testShowMaxWidth" time="0.002"/>
  <system-out/>
  <testcase classname="ru.belyaev.service.impl.ProductServiceImplTest" name="testShowMinHeight" time="0.001"/>
  <system-out/>
  <testcase classname="ru.belyaev.service.impl.ProductServiceImplTest" name="testListAllProducts" time="0.002"/>
  <system-out/>
  <testcase classname="ru.belyaev.service.impl.ProductServiceImplTest" name="testShowMaxPrice" time="0.001"/>
  <system-out/>
  <testcase classname="ru.belyaev.service.impl.ProductServiceImplTest" name="testCountProductForSearchTextForm" time="0.000"/>
  <system-out/>
  <testcase classname="ru.belyaev.service.impl.ProductServiceImplTest" name="testShowMaxLength" time="0.001"/>
  <system-out/>
  <testcase classname="ru.belyaev.service.impl.ProductServiceImplTest" name="testShowMaxHeight" time="0.001"/>
  <system-out/>
  <testcase classname="ru.belyaev.service.impl.ProductServiceImplTest" name="testShowMinPrice" time="0.001"/>
  <system-out/>
  <testcase classname="ru.belyaev.service.impl.ProductServiceImplTest" name="testFindProductForSearchTextForm" time="0.000"/>
  <system-out/>
  <testcase classname="ru.belyaev.service.impl.ProductServiceImplTest" name="testCountAllProduct" time="0.001"/>
  <system-out/>
  <testcase classname="ru.belyaev.service.impl.ProductServiceImplTest" name="testCountProductBySearchFilter" time="0.000"/>
  <system-out/>
  <testcase classname="ru.belyaev.service.impl.ProductServiceImplTest" name="testProductBySearchFilter" time="0.043"/>
  <system-out/>
  <testcase classname="ru.belyaev.service.impl.ProductServiceImplTest" name="testShowProductPageByProductId" time="0.001"/>
  <system-out/>
  <testcase classname="ru.belyaev.service.impl.ProductServiceImplTest" name="testShowMinLength" time="0.000"/>
  <system-out/>
</testsuite> <!-- ru.belyaev.service.impl.ProductServiceImplTest -->
