<?xml version="1.0" encoding="UTF-8"?>
<!-- Generated by org.testng.reporters.JUnitReportReporter -->
<testsuite hostname="DESKTOP-2O5GPOK" failures="0" tests="2" name="ru.belyaev.controller.ajax.SearchControllerTest" time="0.398" errors="0" timestamp="2020-12-03T12:34:06 MSK" skipped="0">
  <testcase classname="ru.belyaev.controller.ajax.SearchControllerTest" name="controllerIsCreated" time="0.068"/>
  <system-out/>
  <testcase classname="ru.belyaev.controller.ajax.SearchControllerTest" name="shouldReturnJsonObject" time="0.330"/>
  <system-out/>
</testsuite> <!-- ru.belyaev.controller.ajax.SearchControllerTest -->
