<?xml version="1.0" encoding="UTF-8"?>
<!-- Generated by org.testng.reporters.JUnitReportReporter -->
<testsuite hostname="DESKTOP-2O5GPOK" failures="0" tests="4" name="ru.belyaev.controller.AuthenticationControllerTest" time="0.290" errors="0" timestamp="2020-12-03T12:34:06 MSK" skipped="0">
  <testcase classname="ru.belyaev.controller.AuthenticationControllerTest" name="shouldReturnLoginView" time="0.034"/>
  <system-out/>
  <testcase classname="ru.belyaev.controller.AuthenticationControllerTest" name="shouldAddUserToDB" time="0.057"/>
  <system-out/>
  <testcase classname="ru.belyaev.controller.AuthenticationControllerTest" name="shouldReturnRegistrationView" time="0.056"/>
  <system-out/>
  <testcase classname="ru.belyaev.controller.AuthenticationControllerTest" name="controllerIsCreated" time="0.143"/>
  <system-out/>
</testsuite> <!-- ru.belyaev.controller.AuthenticationControllerTest -->
