<?xml version="1.0" encoding="UTF-8"?>
<!-- Generated by org.testng.reporters.JUnitReportReporter -->
<testsuite hostname="DESKTOP-2O5GPOK" failures="0" tests="2" name="ru.belyaev.service.impl.ShoppingCartServiceImplTest" time="0.214" errors="0" timestamp="2020-12-03T12:34:06 MSK" skipped="0">
  <testcase classname="ru.belyaev.service.impl.ShoppingCartServiceImplTest" name="testRemoveFromShoppingCart" time="0.005"/>
  <system-out/>
  <testcase classname="ru.belyaev.service.impl.ShoppingCartServiceImplTest" name="testAddToShoppingCart" time="0.209"/>
  <system-out/>
</testsuite> <!-- ru.belyaev.service.impl.ShoppingCartServiceImplTest -->
