<?xml version="1.0" encoding="UTF-8"?>
<!-- Generated by org.testng.reporters.JUnitReportReporter -->
<testsuite hostname="DESKTOP-2O5GPOK" failures="0" tests="1" name="ru.belyaev.service.impl.UserServiceImplTest" time="0.053" errors="0" timestamp="2020-12-03T12:34:06 MSK" skipped="0">
  <testcase classname="ru.belyaev.service.impl.UserServiceImplTest" name="testAddUser" time="0.053"/>
  <system-out/>
</testsuite> <!-- ru.belyaev.service.impl.UserServiceImplTest -->
