<?xml version="1.0" encoding="UTF-8"?>
<!-- Generated by org.testng.reporters.JUnitReportReporter -->
<testsuite hostname="DESKTOP-2O5GPOK" failures="0" tests="2" name="ru.belyaev.controller.ShoppingCartControllerTest" time="0.053" errors="0" timestamp="2020-12-03T12:34:06 MSK" skipped="0">
  <testcase classname="ru.belyaev.controller.ShoppingCartControllerTest" name="shouldReturnViewShoppingCart" time="0.032"/>
  <system-out/>
  <testcase classname="ru.belyaev.controller.ShoppingCartControllerTest" name="controllerIsCreated" time="0.021"/>
  <system-out/>
</testsuite> <!-- ru.belyaev.controller.ShoppingCartControllerTest -->
