<?xml version="1.0" encoding="UTF-8"?>
<!-- Generated by org.testng.reporters.JUnitReportReporter -->
<testsuite hostname="DESKTOP-2O5GPOK" failures="0" tests="2" name="ru.belyaev.service.impl.OrderServiceImplTest" time="0.220" errors="0" timestamp="2020-12-03T12:34:06 MSK" skipped="0">
  <testcase classname="ru.belyaev.service.impl.OrderServiceImplTest" name="testMakeOrder" time="0.215"/>
  <system-out/>
  <testcase classname="ru.belyaev.service.impl.OrderServiceImplTest" name="shouldThrowExceptionWhenShoppingCartIsNull" time="0.005"/>
  <system-out/>
</testsuite> <!-- ru.belyaev.service.impl.OrderServiceImplTest -->
