<?xml version="1.0" encoding="UTF-8"?>
<!-- Generated by org.testng.reporters.JUnitReportReporter -->
<testsuite hostname="DESKTOP-2O5GPOK" failures="0" tests="2" name="ru.belyaev.controller.SearchTextControllerTest" time="0.048" errors="0" timestamp="2020-12-03T12:34:06 MSK" skipped="0">
  <testcase classname="ru.belyaev.controller.SearchTextControllerTest" name="checkViewName" time="0.025"/>
  <system-out/>
  <testcase classname="ru.belyaev.controller.SearchTextControllerTest" name="controllerIsCreated" time="0.023"/>
  <system-out/>
</testsuite> <!-- ru.belyaev.controller.SearchTextControllerTest -->
